This is pdfTeX, Version 3.14159265-2.6-1.40.19 (TeX Live 2018) (preloaded format=pdflatex 2018.9.25)  21 APR 2019 03:19
entering extended mode
 restricted \write18 enabled.
 file:line:error style messages enabled.
 %&-line parsing enabled.
**report.tex
(./report.tex
LaTeX2e <2018-04-01> patch level 2
Babel <3.18> and hyphenation patterns for 84 language(s) loaded.
(/usr/local/texlive/2018/texmf-dist/tex/latex/base/article.cls
Document Class: article 2014/09/29 v1.4h Standard LaTeX document class
(/usr/local/texlive/2018/texmf-dist/tex/latex/base/size10.clo
File: size10.clo 2014/09/29 v1.4h Standard LaTeX file (size option)
)
\c@part=\count80
\c@section=\count81
\c@subsection=\count82
\c@subsubsection=\count83
\c@paragraph=\count84
\c@subparagraph=\count85
\c@figure=\count86
\c@table=\count87
\abovecaptionskip=\skip41
\belowcaptionskip=\skip42
\bibindent=\dimen102
)
(/usr/local/texlive/2018/texmf-dist/tex/latex/base/inputenc.sty
Package: inputenc 2018/04/06 v1.3b Input encoding file
\inpenc@prehook=\toks14
\inpenc@posthook=\toks15
)
(/usr/local/texlive/2018/texmf-dist/tex/generic/babel/babel.sty
Package: babel 2018/02/14 3.18 The Babel package

(/usr/local/texlive/2018/texmf-dist/tex/generic/babel/switch.def
File: switch.def 2018/02/14 3.18 Babel switching mechanism
)
(/usr/local/texlive/2018/texmf-dist/tex/generic/babel-portuges/portuges.ldf
Language: portuges 2008/03/18 v1.2q Portuguese support from the babel system

(/usr/local/texlive/2018/texmf-dist/tex/generic/babel/babel.def
File: babel.def 2018/02/14 3.18 Babel common definitions
\babel@savecnt=\count88
\U@D=\dimen103

(/usr/local/texlive/2018/texmf-dist/tex/generic/babel/txtbabel.def)
\bbl@dirlevel=\count89
)
Package babel Info: Making " an active character on input line 145.
))
(/usr/local/texlive/2018/texmf-dist/tex/latex/tools/indentfirst.sty
Package: indentfirst 1995/11/23 v1.03 Indent first paragraph (DPC)
)
(/usr/local/texlive/2018/texmf-dist/tex/latex/graphics/graphicx.sty
Package: graphicx 2017/06/01 v1.1a Enhanced LaTeX Graphics (DPC,SPQR)

(/usr/local/texlive/2018/texmf-dist/tex/latex/graphics/keyval.sty
Package: keyval 2014/10/28 v1.15 key=value parser (DPC)
\KV@toks@=\toks16
)
(/usr/local/texlive/2018/texmf-dist/tex/latex/graphics/graphics.sty
Package: graphics 2017/06/25 v1.2c Standard LaTeX Graphics (DPC,SPQR)

(/usr/local/texlive/2018/texmf-dist/tex/latex/graphics/trig.sty
Package: trig 2016/01/03 v1.10 sin cos tan (DPC)
)
(/usr/local/texlive/2018/texmf-dist/tex/latex/graphics-cfg/graphics.cfg
File: graphics.cfg 2016/06/04 v1.11 sample graphics configuration
)
Package graphics Info: Driver file: pdftex.def on input line 99.

(/usr/local/texlive/2018/texmf-dist/tex/latex/graphics-def/pdftex.def
File: pdftex.def 2018/01/08 v1.0l Graphics/color driver for pdftex
))
\Gin@req@height=\dimen104
\Gin@req@width=\dimen105
)
(/usr/local/texlive/2018/texmf-dist/tex/latex/float/float.sty
Package: float 2001/11/08 v1.3d Float enhancements (AL)
\c@float@type=\count90
\float@exts=\toks17
\float@box=\box26
\@float@everytoks=\toks18
\@floatcapt=\box27
)
(/usr/local/texlive/2018/texmf-dist/tex/latex/caption/caption.sty
Package: caption 2016/02/21 v3.3-144 Customizing captions (AR)

(/usr/local/texlive/2018/texmf-dist/tex/latex/caption/caption3.sty
Package: caption3 2016/05/22 v1.7-166 caption3 kernel (AR)
Package caption3 Info: TeX engine: e-TeX on input line 67.
\captionmargin=\dimen106
\captionmargin@=\dimen107
\captionwidth=\dimen108
\caption@tempdima=\dimen109
\caption@indent=\dimen110
\caption@parindent=\dimen111
\caption@hangindent=\dimen112
)
\c@ContinuedFloat=\count91
Package caption Info: float package is loaded.
)
(/usr/local/texlive/2018/texmf-dist/tex/latex/caption/subcaption.sty
Package: subcaption 2016/05/22 v1.1-161 Sub-captions (AR)
\c@subfigure=\count92
\c@subtable=\count93
)
(/usr/local/texlive/2018/texmf-dist/tex/latex/base/fontenc.sty
Package: fontenc 2017/04/05 v2.0i Standard LaTeX package

(/usr/local/texlive/2018/texmf-dist/tex/latex/base/t1enc.def
File: t1enc.def 2017/04/05 v2.0i Standard LaTeX file
LaTeX Font Info:    Redeclaring font encoding T1 on input line 48.
))
(/usr/local/texlive/2018/texmf-dist/tex/latex/listings/listings.sty
\lst@mode=\count94
\lst@gtempboxa=\box28
\lst@token=\toks19
\lst@length=\count95
\lst@currlwidth=\dimen113
\lst@column=\count96
\lst@pos=\count97
\lst@lostspace=\dimen114
\lst@width=\dimen115
\lst@newlines=\count98
\lst@lineno=\count99
\lst@maxwidth=\dimen116

(/usr/local/texlive/2018/texmf-dist/tex/latex/listings/lstmisc.sty
File: lstmisc.sty 2015/06/04 1.6 (Carsten Heinz)
\c@lstnumber=\count100
\lst@skipnumbers=\count101
\lst@framebox=\box29
)
(/usr/local/texlive/2018/texmf-dist/tex/latex/listings/listings.cfg
File: listings.cfg 2015/06/04 1.6 listings configuration
))
Package: listings 2015/06/04 1.6 (Carsten Heinz)

(/usr/local/texlive/2018/texmf-dist/tex/latex/amsmath/amsmath.sty
Package: amsmath 2017/09/02 v2.17a AMS math features
\@mathmargin=\skip43

For additional information on amsmath, use the `?' option.
(/usr/local/texlive/2018/texmf-dist/tex/latex/amsmath/amstext.sty
Package: amstext 2000/06/29 v2.01 AMS text

(/usr/local/texlive/2018/texmf-dist/tex/latex/amsmath/amsgen.sty
File: amsgen.sty 1999/11/30 v2.0 generic functions
\@emptytoks=\toks20
\ex@=\dimen117
))
(/usr/local/texlive/2018/texmf-dist/tex/latex/amsmath/amsbsy.sty
Package: amsbsy 1999/11/29 v1.2d Bold Symbols
\pmbraise@=\dimen118
)
(/usr/local/texlive/2018/texmf-dist/tex/latex/amsmath/amsopn.sty
Package: amsopn 2016/03/08 v2.02 operator names
)
\inf@bad=\count102
LaTeX Info: Redefining \frac on input line 213.
\uproot@=\count103
\leftroot@=\count104
LaTeX Info: Redefining \overline on input line 375.
\classnum@=\count105
\DOTSCASE@=\count106
LaTeX Info: Redefining \ldots on input line 472.
LaTeX Info: Redefining \dots on input line 475.
LaTeX Info: Redefining \cdots on input line 596.
\Mathstrutbox@=\box30
\strutbox@=\box31
\big@size=\dimen119
LaTeX Font Info:    Redeclaring font encoding OML on input line 712.
LaTeX Font Info:    Redeclaring font encoding OMS on input line 713.
\macc@depth=\count107
\c@MaxMatrixCols=\count108
\dotsspace@=\muskip10
\c@parentequation=\count109
\dspbrk@lvl=\count110
\tag@help=\toks21
\row@=\count111
\column@=\count112
\maxfields@=\count113
\andhelp@=\toks22
\eqnshift@=\dimen120
\alignsep@=\dimen121
\tagshift@=\dimen122
\tagwidth@=\dimen123
\totwidth@=\dimen124
\lineht@=\dimen125
\@envbody=\toks23
\multlinegap=\skip44
\multlinetaggap=\skip45
\mathdisplay@stack=\toks24
LaTeX Info: Redefining \[ on input line 2817.
LaTeX Info: Redefining \] on input line 2818.
)
(/usr/local/texlive/2018/texmf-dist/tex/latex/mathtools/mathtools.sty
Package: mathtools 2018/01/08 v1.21 mathematical typesetting tools

(/usr/local/texlive/2018/texmf-dist/tex/latex/tools/calc.sty
Package: calc 2017/05/25 v4.3 Infix arithmetic (KKT,FJ)
\calc@Acount=\count114
\calc@Bcount=\count115
\calc@Adimen=\dimen126
\calc@Bdimen=\dimen127
\calc@Askip=\skip46
\calc@Bskip=\skip47
LaTeX Info: Redefining \setlength on input line 80.
LaTeX Info: Redefining \addtolength on input line 81.
\calc@Ccount=\count116
\calc@Cskip=\skip48
)
(/usr/local/texlive/2018/texmf-dist/tex/latex/mathtools/mhsetup.sty
Package: mhsetup 2017/03/31 v1.3 programming setup (MH)
)
LaTeX Info: Thecontrolsequence`\('isalreadyrobust on input line 129.
LaTeX Info: Thecontrolsequence`\)'isalreadyrobust on input line 129.
LaTeX Info: Thecontrolsequence`\['isalreadyrobust on input line 129.
LaTeX Info: Thecontrolsequence`\]'isalreadyrobust on input line 129.
\g_MT_multlinerow_int=\count117
\l_MT_multwidth_dim=\dimen128
\origjot=\skip49
\l_MT_shortvdotswithinadjustabove_dim=\dimen129
\l_MT_shortvdotswithinadjustbelow_dim=\dimen130
\l_MT_above_intertext_sep=\dimen131
\l_MT_below_intertext_sep=\dimen132
\l_MT_above_shortintertext_sep=\dimen133
\l_MT_below_shortintertext_sep=\dimen134
)
(./report.aux

LaTeX Warning: Label `img:bezier_command' multiply defined.

)
\openout1 = `report.aux'.

LaTeX Font Info:    Checking defaults for OML/cmm/m/it on input line 22.
LaTeX Font Info:    ... okay on input line 22.
LaTeX Font Info:    Checking defaults for T1/cmr/m/n on input line 22.
LaTeX Font Info:    ... okay on input line 22.
LaTeX Font Info:    Checking defaults for OT1/cmr/m/n on input line 22.
LaTeX Font Info:    ... okay on input line 22.
LaTeX Font Info:    Checking defaults for OMS/cmsy/m/n on input line 22.
LaTeX Font Info:    ... okay on input line 22.
LaTeX Font Info:    Checking defaults for OMX/cmex/m/n on input line 22.
LaTeX Font Info:    ... okay on input line 22.
LaTeX Font Info:    Checking defaults for U/cmr/m/n on input line 22.
LaTeX Font Info:    ... okay on input line 22.
LaTeX Font Info:    Try loading font information for T1+cmss on input line 22.
 (/usr/local/texlive/2018/texmf-dist/tex/latex/base/t1cmss.fd
File: t1cmss.fd 2014/09/29 v2.5h Standard LaTeX font definitions
)
(/usr/local/texlive/2018/texmf-dist/tex/context/base/mkii/supp-pdf.mkii
[Loading MPS to PDF converter (version 2006.09.02).]
\scratchcounter=\count118
\scratchdimen=\dimen135
\scratchbox=\box32
\nofMPsegments=\count119
\nofMParguments=\count120
\everyMPshowfont=\toks25
\MPscratchCnt=\count121
\MPscratchDim=\dimen136
\MPnumerator=\count122
\makeMPintoPDFobject=\count123
\everyMPtoPDFconversion=\toks26
) (/usr/local/texlive/2018/texmf-dist/tex/latex/oberdiek/epstopdf-base.sty
Package: epstopdf-base 2016/05/15 v2.6 Base part for package epstopdf

(/usr/local/texlive/2018/texmf-dist/tex/generic/oberdiek/infwarerr.sty
Package: infwarerr 2016/05/16 v1.4 Providing info/warning/error messages (HO)
)
(/usr/local/texlive/2018/texmf-dist/tex/latex/oberdiek/grfext.sty
Package: grfext 2016/05/16 v1.2 Manage graphics extensions (HO)

(/usr/local/texlive/2018/texmf-dist/tex/generic/oberdiek/kvdefinekeys.sty
Package: kvdefinekeys 2016/05/16 v1.4 Define keys (HO)

(/usr/local/texlive/2018/texmf-dist/tex/generic/oberdiek/ltxcmds.sty
Package: ltxcmds 2016/05/16 v1.23 LaTeX kernel commands for general use (HO)
)))
(/usr/local/texlive/2018/texmf-dist/tex/latex/oberdiek/kvoptions.sty
Package: kvoptions 2016/05/16 v3.12 Key value format for package options (HO)

(/usr/local/texlive/2018/texmf-dist/tex/generic/oberdiek/kvsetkeys.sty
Package: kvsetkeys 2016/05/16 v1.17 Key value parser (HO)

(/usr/local/texlive/2018/texmf-dist/tex/generic/oberdiek/etexcmds.sty
Package: etexcmds 2016/05/16 v1.6 Avoid name clashes with e-TeX commands (HO)

(/usr/local/texlive/2018/texmf-dist/tex/generic/oberdiek/ifluatex.sty
Package: ifluatex 2016/05/16 v1.4 Provides the ifluatex switch (HO)
Package ifluatex Info: LuaTeX not detected.
)
Package etexcmds Info: Could not find \expanded.
(etexcmds)             That can mean that you are not using pdfTeX 1.50 or
(etexcmds)             that some package has redefined \expanded.
(etexcmds)             In the latter case, load this package earlier.
)))
(/usr/local/texlive/2018/texmf-dist/tex/generic/oberdiek/pdftexcmds.sty
Package: pdftexcmds 2018/01/30 v0.27 Utility functions of pdfTeX for LuaTeX (HO
)

(/usr/local/texlive/2018/texmf-dist/tex/generic/oberdiek/ifpdf.sty
Package: ifpdf 2017/03/15 v3.2 Provides the ifpdf switch
)
Package pdftexcmds Info: LuaTeX not detected.
Package pdftexcmds Info: \pdf@primitive is available.
Package pdftexcmds Info: \pdf@ifprimitive is available.
Package pdftexcmds Info: \pdfdraftmode found.
)
Package epstopdf-base Info: Redefining graphics rule for `.eps' on input line 4
38.
Package grfext Info: Graphics extension search list:
(grfext)             [.pdf,.png,.jpg,.mps,.jpeg,.jbig2,.jb2,.PDF,.PNG,.JPG,.JPE
G,.JBIG2,.JB2,.eps]
(grfext)             \AppendGraphicsExtensions on input line 456.

(/usr/local/texlive/2018/texmf-dist/tex/latex/latexconfig/epstopdf-sys.cfg
File: epstopdf-sys.cfg 2010/07/13 v1.3 Configuration of (r)epstopdf for TeX Liv
e
))
Package caption Info: Begin \AtBeginDocument code.
Package caption Info: listings package is loaded.
Package caption Info: End \AtBeginDocument code.
\c@lstlisting=\count124

[1

{/usr/local/texlive/2018/texmf-var/fonts/map/pdftex/updmap/pdftex.map}]
(./report.toc)
\tf@toc=\write3
\openout3 = `report.toc'.

 [2] [3]
<estrutura.png, id=21, 153.57375pt x 93.34875pt>
File: estrutura.png Graphic file (type png)
<use estrutura.png>
Package pdftex.def Info: estrutura.png  used on input line 65.
(pdftex.def)             Requested size: 153.57336pt x 93.34851pt.
 [4 <./estrutura.png>]
<ficheiro_parser.png, id=27, 559.08875pt x 636.3775pt>
File: ficheiro_parser.png Graphic file (type png)
<use ficheiro_parser.png>
Package pdftex.def Info: ficheiro_parser.png  used on input line 98.
(pdftex.def)             Requested size: 279.54369pt x 318.18797pt.
LaTeX Font Info:    Try loading font information for T1+cmtt on input line 108.


(/usr/local/texlive/2018/texmf-dist/tex/latex/base/t1cmtt.fd
File: t1cmtt.fd 2014/09/29 v2.5h Standard LaTeX font definitions
) [5 <./ficheiro_parser.png>]
Overfull \hbox (0.17184pt too wide) in paragraph at lines 110--111
[]\T1/cmtt/m/n/10 Executa a função "parser_XML"que abre o ficheiro "scene.xml"e

 []


Overfull \hbox (5.42056pt too wide) in paragraph at lines 112--113
[]\T1/cmtt/m/n/10 Nesta função alteramos o funcionamento para o caso do element
o
 []


Overfull \hbox (1.17697pt too wide) in paragraph at lines 116--117
[]\T1/cmtt/m/n/10 De seguida itera sobre os 8 pontos definidos para a curva
 []


Overfull \hbox (36.14066pt too wide) in paragraph at lines 121--122
[]\T1/cmtt/m/n/10 De seguida, dependendo de qual o valor definido (\T1/cmtt/m/i
t/10 time \T1/cmtt/m/n/10 ou \T1/cmtt/m/it/10 angle\T1/cmtt/m/n/10 )
 []

<optimized_struct.png, id=33, 556.0775pt x 41.15375pt>
File: optimized_struct.png Graphic file (type png)
<use optimized_struct.png>
Package pdftex.def Info: optimized_struct.png  used on input line 140.
(pdftex.def)             Requested size: 333.64908pt x 24.69243pt.

Overfull \hbox (10.66928pt too wide) in paragraph at lines 153--154
[]\T1/cmtt/m/n/10 Verifica se o nome do ficheiro passado como parâmetro existe 
na
 []

[6 <./optimized_struct.png>]
Overfull \hbox (77.61284pt too wide) in paragraph at lines 164--165
[]\T1/cmtt/m/n/10 Coloca conteúdo na estrutura para poder ser carregado posteri
ormente
 []

[7]
<tree_struct.png, id=47, 613.29124pt x 443.6575pt>
File: tree_struct.png Graphic file (type png)
<use tree_struct.png>
Package pdftex.def Info: tree_struct.png  used on input line 183.
(pdftex.def)             Requested size: 367.97757pt x 266.19655pt.

Overfull \hbox (22.97757pt too wide) in paragraph at lines 183--184
 [][] 
 []

<translation.png, id=48, 357.335pt x 161.60374pt>
File: translation.png Graphic file (type png)
<use translation.png>
Package pdftex.def Info: translation.png  used on input line 192.
(pdftex.def)             Requested size: 268.00058pt x 121.2025pt.
[8 <./tree_struct.png> <./translation.png>]
<rotation.png, id=54, 509.905pt x 116.435pt>
File: rotation.png Graphic file (type png)
<use rotation.png>
Package pdftex.def Info: rotation.png  used on input line 201.
(pdftex.def)             Requested size: 331.43431pt x 75.68184pt.
<figure.png, id=55, 302.12875pt x 221.82875pt>
File: figure.png Graphic file (type png)
<use figure.png>
Package pdftex.def Info: figure.png  used on input line 210.
(pdftex.def)             Requested size: 226.596pt x 166.37114pt.
 [9 <./rotation.png> <./figure.png>]
<bezier_command.png, id=61, 419.5675pt x 31.11626pt>
File: bezier_command.png Graphic file (type png)
<use bezier_command.png>
Package pdftex.def Info: bezier_command.png  used on input line 229.
(pdftex.def)             Requested size: 314.67485pt x 23.33711pt.
<patch_format.png, id=62, 677.53125pt x 194.7275pt>
File: patch_format.png Graphic file (type png)
<use patch_format.png>
Package pdftex.def Info: patch_format.png  used on input line 247.
(pdftex.def)             Requested size: 406.52188pt x 116.83739pt.

Overfull \hbox (61.52188pt too wide) in paragraph at lines 247--248
 [][] 
 []


Overfull \hbox (10.66928pt too wide) in paragraph at lines 257--258
[]\T1/cmtt/m/n/10 Lê a primeira linha (number os patches) e cria um array que i
rá
 []


Overfull \hbox (36.91287pt too wide) in paragraph at lines 258--259
[]\T1/cmtt/m/n/10 Realiza ciclo de leitura dos patches e armazena-os no array p
atches. 
 []


Overfull \hbox (10.66928pt too wide) in paragraph at lines 259--260
[]\T1/cmtt/m/n/10 Lê linha seguinte aos patches que representa o número de pont
os
 []


Overfull \hbox (68.40518pt too wide) in paragraph at lines 260--261
[]\T1/cmtt/m/n/10 Realiza ciclo de leitura dos pontos, e coloca-los no array co
ntrol_points. 
 []

[10 <./bezier_command.png> <./patch_format.png>]
Overfull \hbox (11.67441pt too wide) in paragraph at lines 276--278
[]\T1/cmtt/m/n/10 Para todos os níveis de tessellation (tessellation_v) entre
 []


Overfull \hbox (30.37437pt too wide) in paragraph at lines 284--286
[]\T1/cmtt/m/n/10 Para todos os níveis de tessellation (tessellation_u) entre
 []


Overfull \hbox (4.13078pt too wide) in paragraph at lines 290--292
[]\T1/cmtt/m/n/10 Calculam-se os dois triângulos necessários, recorrendo
 []


Overfull \hbox (9.3795pt too wide) in paragraph at lines 290--292
\T1/cmtt/m/n/10 ao algoritmo apresentado na subsecção seguinte (Cálculo
 []

[11]
LaTeX Font Info:    Font shape `T1/cmtt/bx/n' in size <10> not available
(Font)              Font shape `T1/cmtt/m/n' tried instead on input line 343.

Overfull \hbox (15.918pt too wide) in paragraph at lines 343--345
[]\T1/cmtt/m/n/10 Criámos 2 arrays, um para u e outro para v, e em cada índice 
dos
 []


Overfull \hbox (15.918pt too wide) in paragraph at lines 343--345
\T1/cmtt/m/n/10 arrays residem polinómios de Bernstein que têm em conta o índic
e
 []


Overfull \hbox (9.73225pt too wide) in paragraph at lines 350--351
[] \T1/cmtt/m/n/10 bpu[4] = { powf(1-u, 3), 3*u*powf(1-u, 2), 3*powf(u, 2)*(1 -
 u), powf(u, 3) }; 
 []


Overfull \hbox (9.73225pt too wide) in paragraph at lines 354--355
[] \T1/cmtt/m/n/10 bpv[4] = { powf(1-v, 3), 3*v*powf(1-v, 2), 3*powf(v, 2)*(1 -
 v), powf(v, 3) }; 
 []


Overfull \hbox (19.87694pt too wide) in paragraph at lines 363--364
[]\T1/cmtt/m/n/10 Calcula o índice do ponto de controlo utilizando o índice
 []


Overfull \hbox (25.12566pt too wide) in paragraph at lines 364--365
[]\T1/cmtt/m/n/10 Para cada coordenada do ponto a ser calculado, adiciona-se
 []


Overfull \hbox (56.61797pt too wide) in paragraph at lines 364--365
\T1/cmtt/m/n/10 a multiplicação do respetivo ponto de controlo com os polinómio
s
 []

[12]
Overfull \hbox (42.16159pt too wide) in paragraph at lines 394--395
[]\T1/cmtt/m/n/10 Criação duma matriz dos pontos estabelecidos para a curva no 
ficheiro
 []


Overfull \hbox (10.66928pt too wide) in paragraph at lines 394--395
\T1/cmtt/m/n/10 XML (8 no nosso caso), com a separação das compontentes de cada

 []

LaTeX Font Info:    Try loading font information for OMS+cmtt on input line 399
.
LaTeX Font Info:    No file OMScmtt.fd. on input line 399.

LaTeX Font Warning: Font shape `OMS/cmtt/m/n' undefined
(Font)              using `OMS/cmsy/m/n' instead
(Font)              for symbol `textbullet' on input line 399.


Overfull \hbox (1.17697pt too wide) in paragraph at lines 399--400
[]\T1/cmtt/m/n/10 Através do modo GL_LINE_LOOP, são desenhados segmentos de
 []


Overfull \hbox (16.92313pt too wide) in paragraph at lines 404--405
[]\T1/cmtt/m/n/10 Função que devolve os pontos da curva, que são espaçados num
 []


Overfull \hbox (1.17697pt too wide) in paragraph at lines 406--407
[]\T1/cmtt/m/n/10 Obtidos os indices dos próximos 4 pontos da matriz $[]$ que,
 []


Overfull \hbox (1.17697pt too wide) in paragraph at lines 406--407
\T1/cmtt/m/n/10 em conjunto com o $[]$, vão calcular o $[]$ e o $[]$ através
 []


Overfull \hbox (32.66928pt too wide) in paragraph at lines 419--420
[]\T1/cmtt/m/n/10 Multiplicação da matriz $[]$ pelo vetor que agrega cada compo
nente
 []


Overfull \hbox (22.17184pt too wide) in paragraph at lines 420--421
[]\T1/cmtt/m/n/10 Multiplicação da matriz resultante pela seguinte matriz, para

 []

[13]
Overfull \hbox (6.42569pt too wide) in paragraph at lines 426--427
[]\T1/cmtt/m/n/10 Processo igual, mas multiplicado pela seguinte matriz, e a
 []


Overfull \hbox (11.17699pt too wide) in paragraph at lines 426--427
\T1/cmtt/m/n/10 resultar para cada componente na derivada do ponto $\OMS/cmtt/m
/n/10 )$ $[]$ 
 []


Overfull \hbox (19.87694pt too wide) in paragraph at lines 434--435
[]\T1/cmtt/m/n/10 Estabelecimento de um $[]$ (global t) utilizando a função
 []


Overfull \hbox (9.3795pt too wide) in paragraph at lines 435--436
[]\T1/cmtt/m/n/10 Invocação da função $[]$ com o $[]$
 []


Overfull \hbox (4.13078pt too wide) in paragraph at lines 436--437
[]\T1/cmtt/m/n/10 Translação para o ponto usando o resultado da variável
 []


Overfull \hbox (25.91801pt too wide) in paragraph at lines 454--455
[]\T1/cmtt/m/n/10 Criação dum array que vai representar a matriz de rotação $\O
MS/cmtt/m/n/10 )$ $[]$ 
 []


Overfull \hbox (26.41544pt too wide) in paragraph at lines 459--460
[]\T1/cmtt/m/n/10 Estabelecimento da matriz de rotação que vai juntar as compon
entes
 []


Overfull \hbox (31.66415pt too wide) in paragraph at lines 460--461
[]\T1/cmtt/m/n/10 Aplicação das rotações na matriz para direção orientada à der
ivada; 
 []

[14]
Overfull \hbox (22.17184pt too wide) in paragraph at lines 478--479
[]\T1/cmtt/m/n/10 Estabelecimento do $[]$ utilizado através do seguinte método
 []


Overfull \hbox (0.17184pt too wide) in paragraph at lines 480--481
[]\T1/cmtt/m/n/10 Rotação através do $[]$ e das coordenadas x,y,z , utilizando
 []


Overfull \hbox (27.6537pt too wide) in paragraph at lines 495--496
[]\T1/cmtt/m/n/10 Especificação do objeto associado ao VBO gerado $\OMS/cmtt/m/
n/10 )$ \T1/cmtt/m/it/10 GL_ARRAY_BUFFER 
 []


Overfull \hbox (42.16159pt too wide) in paragraph at lines 496--497
[]\T1/cmtt/m/n/10 Alocação de memória para um array de floats v com o espaço ne
cessário
 []


Overfull \hbox (76.99756pt too wide) in paragraph at lines 498--499
[]\T1/cmtt/m/n/10 sizeof(float) $\OMS/cmtt/m/n/10 ^^B$ \T1/cmtt/m/n/10 num_tria
ngles $\OMS/cmtt/m/n/10 ^^B$ \T1/cmtt/m/n/10 3 (num_vertices) $\OMS/cmtt/m/n/10
 ^^B$ \T1/cmtt/m/n/10 3 (num_coordinates) 
 []


Overfull \hbox (0.17184pt too wide) in paragraph at lines 500--501
[]\T1/cmtt/m/n/10 Ciclo de carregamento dos pontos da estrutura de dados para o

 []

[15]
<scene_1.png, id=91, 993.7125pt x 578.16pt>
File: scene_1.png Graphic file (type png)
<use scene_1.png>
Package pdftex.def Info: scene_1.png  used on input line 524.
(pdftex.def)             Requested size: 298.11604pt x 173.44933pt.
<scene_2.png, id=92, 828.09375pt x 532.99126pt>
File: scene_2.png Graphic file (type png)
<use scene_2.png>
Package pdftex.def Info: scene_2.png  used on input line 531.
(pdftex.def)             Requested size: 298.11353pt x 191.87671pt.
 [16 <./scene_1.png> <./scene_2.png>] [17] (./report.aux)

LaTeX Font Warning: Some font shapes were not available, defaults substituted.


LaTeX Warning: There were multiply-defined labels.

 ) 
Here is how much of TeX's memory you used:
 6001 strings out of 492649
 89542 string characters out of 6129622
 166545 words of memory out of 5000000
 9777 multiletter control sequences out of 15000+600000
 19478 words of font info for 46 fonts, out of 8000000 for 9000
 1141 hyphenation exceptions out of 8191
 41i,7n,39p,485b,282s stack positions out of 5000i,500n,10000p,200000b,80000s
{/usr/local/texlive/2018/texmf-dist/fonts/enc/dvips/cm-super/cm-super-t1.enc}
</usr/local/texlive/2018/texmf-dist/fonts/type1/public/amsfonts/cm/cmex10.pfb><
/usr/local/texlive/2018/texmf-dist/fonts/type1/public/amsfonts/cm/cmmi10.pfb></
usr/local/texlive/2018/texmf-dist/fonts/type1/public/amsfonts/cm/cmmi7.pfb></us
r/local/texlive/2018/texmf-dist/fonts/type1/public/amsfonts/cm/cmr10.pfb></usr/
local/texlive/2018/texmf-dist/fonts/type1/public/amsfonts/cm/cmr7.pfb></usr/loc
al/texlive/2018/texmf-dist/fonts/type1/public/amsfonts/cm/cmsy10.pfb></usr/loca
l/texlive/2018/texmf-dist/fonts/type1/public/amsfonts/cm/cmsy7.pfb></usr/local/
texlive/2018/texmf-dist/fonts/type1/public/cm-super/sfbx1000.pfb></usr/local/te
xlive/2018/texmf-dist/fonts/type1/public/cm-super/sfit1000.pfb></usr/local/texl
ive/2018/texmf-dist/fonts/type1/public/cm-super/sfrm1000.pfb></usr/local/texliv
e/2018/texmf-dist/fonts/type1/public/cm-super/sfsi1000.pfb></usr/local/texlive/
2018/texmf-dist/fonts/type1/public/cm-super/sfss0700.pfb></usr/local/texlive/20
18/texmf-dist/fonts/type1/public/cm-super/sfss0900.pfb></usr/local/texlive/2018
/texmf-dist/fonts/type1/public/cm-super/sfss1000.pfb></usr/local/texlive/2018/t
exmf-dist/fonts/type1/public/cm-super/sfss1200.pfb></usr/local/texlive/2018/tex
mf-dist/fonts/type1/public/cm-super/sfss1728.pfb></usr/local/texlive/2018/texmf
-dist/fonts/type1/public/cm-super/sfsx0900.pfb></usr/local/texlive/2018/texmf-d
ist/fonts/type1/public/cm-super/sfsx1000.pfb></usr/local/texlive/2018/texmf-dis
t/fonts/type1/public/cm-super/sfsx1200.pfb></usr/local/texlive/2018/texmf-dist/
fonts/type1/public/cm-super/sfsx1440.pfb></usr/local/texlive/2018/texmf-dist/fo
nts/type1/public/cm-super/sfti1000.pfb></usr/local/texlive/2018/texmf-dist/font
s/type1/public/cm-super/sftt1000.pfb>
Output written on report.pdf (17 pages, 631928 bytes).
PDF statistics:
 172 PDF objects out of 1000 (max. 8388607)
 107 compressed objects within 2 object streams
 0 named destinations out of 1000 (max. 500000)
 56 words of extra memory for PDF output out of 10000 (max. 10000000)

